File: \Accessible.tlb
File: \AccessibleHandler.dll
File: \AccessibleMarshal.dll
File: \api-ms-win-core-console-l1-1-0.dll
File: \api-ms-win-core-datetime-l1-1-0.dll
File: \api-ms-win-core-debug-l1-1-0.dll
File: \api-ms-win-core-errorhandling-l1-1-0.dll
File: \api-ms-win-core-file-l1-1-0.dll
File: \api-ms-win-core-file-l1-2-0.dll
File: \api-ms-win-core-file-l2-1-0.dll
File: \api-ms-win-core-handle-l1-1-0.dll
File: \api-ms-win-core-heap-l1-1-0.dll
File: \api-ms-win-core-interlocked-l1-1-0.dll
File: \api-ms-win-core-libraryloader-l1-1-0.dll
File: \api-ms-win-core-localization-l1-2-0.dll
File: \api-ms-win-core-memory-l1-1-0.dll
File: \api-ms-win-core-namedpipe-l1-1-0.dll
File: \api-ms-win-core-processenvironment-l1-1-0.dll
File: \api-ms-win-core-processthreads-l1-1-0.dll
File: \api-ms-win-core-processthreads-l1-1-1.dll
File: \api-ms-win-core-profile-l1-1-0.dll
File: \api-ms-win-core-rtlsupport-l1-1-0.dll
File: \api-ms-win-core-string-l1-1-0.dll
File: \api-ms-win-core-synch-l1-1-0.dll
File: \api-ms-win-core-synch-l1-2-0.dll
File: \api-ms-win-core-sysinfo-l1-1-0.dll
File: \api-ms-win-core-timezone-l1-1-0.dll
File: \api-ms-win-core-util-l1-1-0.dll
File: \api-ms-win-crt-conio-l1-1-0.dll
File: \api-ms-win-crt-convert-l1-1-0.dll
File: \api-ms-win-crt-environment-l1-1-0.dll
File: \api-ms-win-crt-filesystem-l1-1-0.dll
File: \api-ms-win-crt-heap-l1-1-0.dll
File: \api-ms-win-crt-locale-l1-1-0.dll
File: \api-ms-win-crt-math-l1-1-0.dll
File: \api-ms-win-crt-multibyte-l1-1-0.dll
File: \api-ms-win-crt-private-l1-1-0.dll
File: \api-ms-win-crt-process-l1-1-0.dll
File: \api-ms-win-crt-runtime-l1-1-0.dll
File: \api-ms-win-crt-stdio-l1-1-0.dll
File: \api-ms-win-crt-string-l1-1-0.dll
File: \api-ms-win-crt-time-l1-1-0.dll
File: \api-ms-win-crt-utility-l1-1-0.dll
File: \application.ini
File: \blocklist.xml
File: \breakpadinjector.dll
File: \chrome.manifest
File: \crashreporter.exe
File: \crashreporter.ini
File: \d3dcompiler_47.dll
File: \dependentlibs.list
File: \freebl3.chk
File: \freebl3.dll
File: \IA2Marshal.dll
File: \ldap60.dll
File: \ldif60.dll
File: \lgpllibs.dll
File: \libEGL.dll
File: \libGLESv2.dll
File: \maintenanceservice.exe
File: \maintenanceservice_installer.exe
File: \MapiProxy.dll
File: \minidump-analyzer.exe
File: \mozglue.dll
File: \mozMapi32.dll
File: \msvcp140.dll
File: \nss3.dll
File: \nssckbi.dll
File: \nssdbm3.chk
File: \nssdbm3.dll
File: \omni.ja
File: \pingsender.exe
File: \platform.ini
File: \plugin-container.exe
File: \plugin-hang-ui.exe
File: \precomplete
File: \prldap60.dll
File: \qipcap.dll
File: \removed-files
File: \softokn3.chk
File: \softokn3.dll
File: \thunderbird.exe
File: \thunderbird.VisualElementsManifest.xml
File: \ucrtbase.dll
File: \update-settings.ini
File: \updater.exe
File: \updater.ini
File: \vcruntime140.dll
File: \WSEnable.exe
File: \xul.dll
File: \VisualElements\VisualElements_150.png
File: \VisualElements\VisualElements_70.png
File: \uninstall\helper.exe
File: \isp\Bogofilter.sfd
File: \isp\DSPAM.sfd
File: \isp\POPFile.sfd
File: \isp\SpamAssassin.sfd
File: \isp\SpamPal.sfd
File: \fonts\EmojiOneMozilla.ttf
File: \features\wetransfer@extensions.thunderbird.net.xpi
File: \extensions\{972ce4c6-7e08-4474-a285-3208198ce6fd}.xpi
File: \distribution\extensions\{e2fda1a4-762b-4020-b5ad-a41df1933103}.xpi
File: \dictionaries\en-US.aff
File: \dictionaries\en-US.dic
File: \defaults\pref\channel-prefs.js
File: \defaults\messenger\mailViews.dat
File: \chrome\icons\default\abcardWindow.ico
File: \chrome\icons\default\addressbookWindow.ico
File: \chrome\icons\default\calendar-alarm-dialog.ico
File: \chrome\icons\default\calendar-event-dialog.ico
File: \chrome\icons\default\calendar-event-summary-dialog.ico
File: \chrome\icons\default\calendar-task-dialog.ico
File: \chrome\icons\default\calendar-task-summary-dialog.ico
File: \chrome\icons\default\messengerWindow.ico
File: \chrome\icons\default\msgcomposeWindow.ico
File: \MapiProxy_InUse.dll
File: \mozMapi32_InUse.dll
File: \components\compreg.dat
File: \components\xpti.dat
File: \active-update.xml
File: \install.log
File: \install_status.log
File: \install_wizard.log
File: \updates.xml
